1526802563117	geckodriver	INFO	geckodriver 0.20.1
1526802563138	geckodriver	INFO	Listening on 127.0.0.1:9129
1526802566026	mozrunner::runner	INFO	Running command: "D:\\Program Files\\firefox\\firefox.exe" "-marionette" "-headless" "-profile" "C:\\Users\\hikari星\\AppData\\Local\\Temp\\rust_mozprofile.7tpIZNJ9PWd9"
*** You are running in headless mode.
1526802571374	Marionette	INFO	Listening on port 9137
1526802572374	Marionette	WARN	TLS certificate errors will be ignored for this session
Unable to read VR Path Registry from C:\Users\hikari星\AppData\Local\openvr\openvrpaths.vrpath
[Child 14304, Chrome_ChildThread] WARNING: pipe error: 109: file z:/build/build/src/ipc/chromium/src/chrome/common/ipc_channel_win.cc, line 346
[Child 14304, Chrome_ChildThread] WARNING: pipe error: 109: file z:/build/build/src/ipc/chromium/src/chrome/common/ipc_channel_win.cc, line 346
Unable to read VR Path Registry from C:\Users\hikari星\AppData\Local\openvr\openvrpaths.vrpath
[Parent 15480, Gecko_IOThread] WARNING: file z:/build/build/src/ipc/chromium/src/base/process_util_win.cc, line 188
Unable to read VR Path Registry from C:\Users\hikari星\AppData\Local\openvr\openvrpaths.vrpath
[Child 10596, Chrome_ChildThread] WARNING: pipe error: 109: file z:/build/build/src/ipc/chromium/src/chrome/common/ipc_channel_win.cc, line 346
[Child 10596, Chrome_ChildThread] WARNING: pipe error: 109: file z:/build/build/src/ipc/chromium/src/chrome/common/ipc_channel_win.cc, line 346
*** UTM:SVC TimerManager:registerTimer called after profile-before-change notification. Ignoring timer registration for id: telemetry_modules_ping
1526802712769	geckodriver	INFO	geckodriver 0.20.1
1526802712790	geckodriver	INFO	Listening on 127.0.0.1:9197
1526802715799	mozrunner::runner	INFO	Running command: "D:\\Program Files\\firefox\\firefox.exe" "-marionette" "-headless" "-profile" "C:\\Users\\hikari星\\AppData\\Local\\Temp\\rust_mozprofile.TCExFxS2TF6h"
*** You are running in headless mode.
1526802720688	Marionette	INFO	Listening on port 9205
1526802721168	Marionette	WARN	TLS certificate errors will be ignored for this session
Unable to read VR Path Registry from C:\Users\hikari星\AppData\Local\openvr\openvrpaths.vrpath
[Child 19352, Chrome_ChildThread] WARNING: pipe error: 109: file z:/build/build/src/ipc/chromium/src/chrome/common/ipc_channel_win.cc, line 346
[Child 19352, Chrome_ChildThread] WARNING: pipe error: 109: file z:/build/build/src/ipc/chromium/src/chrome/common/ipc_channel_win.cc, line 346
Unable to read VR Path Registry from C:\Users\hikari星\AppData\Local\openvr\openvrpaths.vrpath
[Child 18516, Chrome_ChildThread] WARNING: pipe error: 109: file z:/build/build/src/ipc/chromium/src/chrome/common/ipc_channel_win.cc, line 346
[Child 18516, Chrome_ChildThread] WARNING: pipe error: 109: file z:/build/build/src/ipc/chromium/src/chrome/common/ipc_channel_win.cc, line 346
Unable to read VR Path Registry from C:\Users\hikari星\AppData\Local\openvr\openvrpaths.vrpath
[Child 19640, Chrome_ChildThread] WARNING: pipe error: 109: file z:/build/build/src/ipc/chromium/src/chrome/common/ipc_channel_win.cc, line 346
[Child 19640, Chrome_ChildThread] WARNING: pipe error: 109: file z:/build/build/src/ipc/chromium/src/chrome/common/ipc_channel_win.cc, line 346
*** UTM:SVC TimerManager:registerTimer called after profile-before-change notification. Ignoring timer registration for id: telemetry_modules_ping
Unable to read VR Path Registry from C:\Users\hikari星\AppData\Local\openvr\openvrpaths.vrpath
1526802829295	geckodriver	INFO	geckodriver 0.20.1
1526802829311	geckodriver	INFO	Listening on 127.0.0.1:9259
1526802832400	mozrunner::runner	INFO	Running command: "D:\\Program Files\\firefox\\firefox.exe" "-marionette" "-headless" "-profile" "C:\\Users\\hikari星\\AppData\\Local\\Temp\\rust_mozprofile.TbS8pO506hPb"
*** You are running in headless mode.
1526802837443	Marionette	INFO	Listening on port 9267
1526802837709	Marionette	WARN	TLS certificate errors will be ignored for this session
Unable to read VR Path Registry from C:\Users\hikari星\AppData\Local\openvr\openvrpaths.vrpath
[Child 968, Chrome_ChildThread] WARNING: pipe error: 109: file z:/build/build/src/ipc/chromium/src/chrome/common/ipc_channel_win.cc, line 346
[Child 968, Chrome_ChildThread] WARNING: pipe error: 109: file z:/build/build/src/ipc/chromium/src/chrome/common/ipc_channel_win.cc, line 346
Unable to read VR Path Registry from C:\Users\hikari星\AppData\Local\openvr\openvrpaths.vrpath
[Child 8520, Chrome_ChildThread] WARNING: pipe error: 109: file z:/build/build/src/ipc/chromium/src/chrome/common/ipc_channel_win.cc, line 346
*** UTM:SVC TimerManager:registerTimer called after profile-before-change notification. Ignoring timer registration for id: telemetry_modules_ping
Unable to read VR Path Registry from C:\Users\hikari星\AppData\Local\openvr\openvrpaths.vrpath
1526804095604	geckodriver	INFO	geckodriver 0.20.1
1526804095620	geckodriver	INFO	Listening on 127.0.0.1:9609
1526804098595	mozrunner::runner	INFO	Running command: "D:\\Program Files\\firefox\\firefox.exe" "-marionette" "-headless" "-profile" "C:\\Users\\hikari星\\AppData\\Local\\Temp\\rust_mozprofile.hplsYoO6819t"
*** You are running in headless mode.
1526804117693	Marionette	INFO	Listening on port 9617
Unable to read VR Path Registry from C:\Users\hikari星\AppData\Local\openvr\openvrpaths.vrpath
[Child 14608, Chrome_ChildThread] WARNING: pipe error: 109: file z:/build/build/src/ipc/chromium/src/chrome/common/ipc_channel_win.cc, line 346
[Child 14608, Chrome_ChildThread] WARNING: pipe error: 109: file z:/build/build/src/ipc/chromium/src/chrome/common/ipc_channel_win.cc, line 346
1526804118563	Marionette	WARN	TLS certificate errors will be ignored for this session
Unable to read VR Path Registry from C:\Users\hikari星\AppData\Local\openvr\openvrpaths.vrpath
[Child 948, Chrome_ChildThread] WARNING: pipe error: 109: file z:/build/build/src/ipc/chromium/src/chrome/common/ipc_channel_win.cc, line 346
[Child 948, Chrome_ChildThread] WARNING: pipe error: 109: file z:/build/build/src/ipc/chromium/src/chrome/common/ipc_channel_win.cc, line 346
Unable to read VR Path Registry from C:\Users\hikari星\AppData\Local\openvr\openvrpaths.vrpath
[Child 20264, Chrome_ChildThread] WARNING: pipe error: 109: file z:/build/build/src/ipc/chromium/src/chrome/common/ipc_channel_win.cc, line 346
[Child 20264, Chrome_ChildThread] WARNING: pipe error: 109: file z:/build/build/src/ipc/chromium/src/chrome/common/ipc_channel_win.cc, line 346
Unable to read VR Path Registry from C:\Users\hikari星\AppData\Local\openvr\openvrpaths.vrpath
[Child 7264, Chrome_ChildThread] WARNING: pipe error: 109: file z:/build/build/src/ipc/chromium/src/chrome/common/ipc_channel_win.cc, line 346
*** UTM:SVC TimerManager:registerTimer called after profile-before-change notification. Ignoring timer registration for id: telemetry_modules_ping
Unable to read VR Path Registry from C:\Users\hikari星\AppData\Local\openvr\openvrpaths.vrpath
1526804360451	geckodriver	INFO	geckodriver 0.20.1
1526804360465	geckodriver	INFO	Listening on 127.0.0.1:9697
1526804363418	mozrunner::runner	INFO	Running command: "D:\\Program Files\\firefox\\firefox.exe" "-marionette" "-headless" "-profile" "C:\\Users\\hikari星\\AppData\\Local\\Temp\\rust_mozprofile.C4SbMnkQqtUr"
*** You are running in headless mode.
1526804368349	Marionette	INFO	Listening on port 9705
1526804368640	Marionette	WARN	TLS certificate errors will be ignored for this session
Unable to read VR Path Registry from C:\Users\hikari星\AppData\Local\openvr\openvrpaths.vrpath
[Child 18440, Chrome_ChildThread] WARNING: pipe error: 109: file z:/build/build/src/ipc/chromium/src/chrome/common/ipc_channel_win.cc, line 346
[Child 18440, Chrome_ChildThread] WARNING: pipe error: 109: file z:/build/build/src/ipc/chromium/src/chrome/common/ipc_channel_win.cc, line 346
Unable to read VR Path Registry from C:\Users\hikari星\AppData\Local\openvr\openvrpaths.vrpath
[Child 4948, Chrome_ChildThread] WARNING: pipe error: 109: file z:/build/build/src/ipc/chromium/src/chrome/common/ipc_channel_win.cc, line 346
[Child 4948, Chrome_ChildThread] WARNING: pipe error: 109: file z:/build/build/src/ipc/chromium/src/chrome/common/ipc_channel_win.cc, line 346
Unable to read VR Path Registry from C:\Users\hikari星\AppData\Local\openvr\openvrpaths.vrpath
[Parent 13864, Gecko_IOThread] WARNING: pipe error: 109: file z:/build/build/src/ipc/chromium/src/chrome/common/ipc_channel_win.cc, line 346
Unable to read VR Path Registry from C:\Users\hikari星\AppData\Local\openvr\openvrpaths.vrpath
[Child 18096, Chrome_ChildThread] WARNING: pipe error: 109: file z:/build/build/src/ipc/chromium/src/chrome/common/ipc_channel_win.cc, line 346
[Child 18096, Chrome_ChildThread] WARNING: pipe error: 109: file z:/build/build/src/ipc/chromium/src/chrome/common/ipc_channel_win.cc, line 346
JavaScript error: jar:file:///D:/Program%20Files/firefox/browser/omni.ja!/components/nsBrowserGlue.js, line 1019: NS_ERROR_FAILURE: Component returned failure code: 0x80004005 (NS_ERROR_FAILURE) [nsIAppShellService.hiddenDOMWindow]
1526804387990	addons.productaddons	WARN	Failed downloading XML, status: 0, reason: error
1526804388223	addons.productaddons	WARN	Failed downloading via XHR, status: 0, reason: error
1526804388224	addons.productaddons	WARN	Failed downloading via XHR, status: 0, reason: error
*** UTM:SVC TimerManager:registerTimer called after profile-before-change notification. Ignoring timer registration for id: telemetry_modules_ping
1526804455138	geckodriver	INFO	geckodriver 0.20.1
1526804455156	geckodriver	INFO	Listening on 127.0.0.1:9760
1526804458179	mozrunner::runner	INFO	Running command: "D:\\Program Files\\firefox\\firefox.exe" "-marionette" "-headless" "-profile" "C:\\Users\\hikari星\\AppData\\Local\\Temp\\rust_mozprofile.Q2HONhUB98BE"
*** You are running in headless mode.
1526804462835	Marionette	INFO	Listening on port 9768
1526804463431	Marionette	WARN	TLS certificate errors will be ignored for this session
Unable to read VR Path Registry from C:\Users\hikari星\AppData\Local\openvr\openvrpaths.vrpath
[Child 11380, Chrome_ChildThread] WARNING: pipe error: 109: file z:/build/build/src/ipc/chromium/src/chrome/common/ipc_channel_win.cc, line 346
[Child 11380, Chrome_ChildThread] WARNING: pipe error: 109: file z:/build/build/src/ipc/chromium/src/chrome/common/ipc_channel_win.cc, line 346
Unable to read VR Path Registry from C:\Users\hikari星\AppData\Local\openvr\openvrpaths.vrpath
[Child 11104, Chrome_ChildThread] WARNING: pipe error: 109: file z:/build/build/src/ipc/chromium/src/chrome/common/ipc_channel_win.cc, line 346
Unable to read VR Path Registry from C:\Users\hikari星\AppData\Local\openvr\openvrpaths.vrpath
[Parent 3744, Gecko_IOThread] WARNING: pipe error: 109: file z:/build/build/src/ipc/chromium/src/chrome/common/ipc_channel_win.cc, line 346
Unable to read VR Path Registry from C:\Users\hikari星\AppData\Local\openvr\openvrpaths.vrpath
[Child 13472, Chrome_ChildThread] WARNING: pipe error: 109: file z:/build/build/src/ipc/chromium/src/chrome/common/ipc_channel_win.cc, line 346
*** UTM:SVC TimerManager:registerTimer called after profile-before-change notification. Ignoring timer registration for id: telemetry_modules_ping
1526804521464	geckodriver	INFO	geckodriver 0.20.1
1526804521480	geckodriver	INFO	Listening on 127.0.0.1:9823
1526804524508	mozrunner::runner	INFO	Running command: "D:\\Program Files\\firefox\\firefox.exe" "-marionette" "-headless" "-profile" "C:\\Users\\hikari星\\AppData\\Local\\Temp\\rust_mozprofile.CLLU5EubtAp8"
*** You are running in headless mode.
1526804529384	Marionette	INFO	Listening on port 9831
1526804529737	Marionette	WARN	TLS certificate errors will be ignored for this session
Unable to read VR Path Registry from C:\Users\hikari星\AppData\Local\openvr\openvrpaths.vrpath
[Child 7808, Chrome_ChildThread] WARNING: pipe error: 109: file z:/build/build/src/ipc/chromium/src/chrome/common/ipc_channel_win.cc, line 346
[Child 7808, Chrome_ChildThread] WARNING: pipe error: 109: file z:/build/build/src/ipc/chromium/src/chrome/common/ipc_channel_win.cc, line 346
Unable to read VR Path Registry from C:\Users\hikari星\AppData\Local\openvr\openvrpaths.vrpath
[Parent 19008, Gecko_IOThread] WARNING: pipe error: 109: file z:/build/build/src/ipc/chromium/src/chrome/common/ipc_channel_win.cc, line 346
Unable to read VR Path Registry from C:\Users\hikari星\AppData\Local\openvr\openvrpaths.vrpath
[Child 9596, Chrome_ChildThread] WARNING: pipe error: 109: file z:/build/build/src/ipc/chromium/src/chrome/common/ipc_channel_win.cc, line 346
[Child 9596, Chrome_ChildThread] WARNING: pipe error: 109: file z:/build/build/src/ipc/chromium/src/chrome/common/ipc_channel_win.cc, line 346
*** UTM:SVC TimerManager:registerTimer called after profile-before-change notification. Ignoring timer registration for id: telemetry_modules_ping
1526805111067	geckodriver	INFO	geckodriver 0.20.1
1526805111084	geckodriver	INFO	Listening on 127.0.0.1:9908
1526805114126	mozrunner::runner	INFO	Running command: "D:\\Program Files\\firefox\\firefox.exe" "-marionette" "-headless" "-profile" "C:\\Users\\hikari星\\AppData\\Local\\Temp\\rust_mozprofile.BoHQEajwSmtf"
*** You are running in headless mode.
1526805118878	Marionette	INFO	Listening on port 9916
1526805119376	Marionette	WARN	TLS certificate errors will be ignored for this session
Unable to read VR Path Registry from C:\Users\hikari星\AppData\Local\openvr\openvrpaths.vrpath
[Child 17128, Chrome_ChildThread] WARNING: pipe error: 109: file z:/build/build/src/ipc/chromium/src/chrome/common/ipc_channel_win.cc, line 346
Unable to read VR Path Registry from C:\Users\hikari星\AppData\Local\openvr\openvrpaths.vrpath
[Child 7940, Chrome_ChildThread] WARNING: pipe error: 109: file z:/build/build/src/ipc/chromium/src/chrome/common/ipc_channel_win.cc, line 346
[Child 7940, Chrome_ChildThread] WARNING: pipe error: 109: file z:/build/build/src/ipc/chromium/src/chrome/common/ipc_channel_win.cc, line 346
*** UTM:SVC TimerManager:registerTimer called after profile-before-change notification. Ignoring timer registration for id: telemetry_modules_ping
Unable to read VR Path Registry from C:\Users\hikari星\AppData\Local\openvr\openvrpaths.vrpath
1526805192078	geckodriver	INFO	geckodriver 0.20.1
1526805192096	geckodriver	INFO	Listening on 127.0.0.1:9970
1526805195157	mozrunner::runner	INFO	Running command: "D:\\Program Files\\firefox\\firefox.exe" "-marionette" "-headless" "-profile" "C:\\Users\\hikari星\\AppData\\Local\\Temp\\rust_mozprofile.71WwEH8shHdg"
*** You are running in headless mode.
1526805200490	Marionette	INFO	Listening on port 9978
1526805200918	Marionette	WARN	TLS certificate errors will be ignored for this session
Unable to read VR Path Registry from C:\Users\hikari星\AppData\Local\openvr\openvrpaths.vrpath
[Child 14712, Chrome_ChildThread] WARNING: pipe error: 109: file z:/build/build/src/ipc/chromium/src/chrome/common/ipc_channel_win.cc, line 346
[Child 14712, Chrome_ChildThread] WARNING: pipe error: 109: file z:/build/build/src/ipc/chromium/src/chrome/common/ipc_channel_win.cc, line 346
1526805221675	addons.productaddons	WARN	Failed downloading via XHR, status: 0, reason: error
1526805221683	addons.productaddons	WARN	Failed downloading via XHR, status: 0, reason: error
Unable to read VR Path Registry from C:\Users\hikari星\AppData\Local\openvr\openvrpaths.vrpath
[Parent 9044, Gecko_IOThread] WARNING: pipe error: 109: file z:/build/build/src/ipc/chromium/src/chrome/common/ipc_channel_win.cc, line 346
Unable to read VR Path Registry from C:\Users\hikari星\AppData\Local\openvr\openvrpaths.vrpath
[Child 17404, Chrome_ChildThread] WARNING: pipe error: 109: file z:/build/build/src/ipc/chromium/src/chrome/common/ipc_channel_win.cc, line 346
[Child 17404, Chrome_ChildThread] WARNING: pipe error: 109: file z:/build/build/src/ipc/chromium/src/chrome/common/ipc_channel_win.cc, line 346
*** UTM:SVC TimerManager:registerTimer called after profile-before-change notification. Ignoring timer registration for id: telemetry_modules_ping
1526805304130	geckodriver	INFO	geckodriver 0.20.1
1526805304162	geckodriver	INFO	Listening on 127.0.0.1:10051
1526805307170	mozrunner::runner	INFO	Running command: "D:\\Program Files\\firefox\\firefox.exe" "-marionette" "-headless" "-profile" "C:\\Users\\hikari星\\AppData\\Local\\Temp\\rust_mozprofile.CrRVM02mnrlK"
*** You are running in headless mode.
1526805312605	Marionette	INFO	Listening on port 10060
1526805312893	Marionette	WARN	TLS certificate errors will be ignored for this session
Unable to read VR Path Registry from C:\Users\hikari星\AppData\Local\openvr\openvrpaths.vrpath
[Child 8008, Chrome_ChildThread] WARNING: pipe error: 109: file z:/build/build/src/ipc/chromium/src/chrome/common/ipc_channel_win.cc, line 346
[Child 8008, Chrome_ChildThread] WARNING: pipe error: 109: file z:/build/build/src/ipc/chromium/src/chrome/common/ipc_channel_win.cc, line 346
Unable to read VR Path Registry from C:\Users\hikari星\AppData\Local\openvr\openvrpaths.vrpath
[Child 20364, Chrome_ChildThread] WARNING: pipe error: 109: file z:/build/build/src/ipc/chromium/src/chrome/common/ipc_channel_win.cc, line 346
Unable to read VR Path Registry from C:\Users\hikari星\AppData\Local\openvr\openvrpaths.vrpath
[Parent 16952, Gecko_IOThread] WARNING: pipe error: 109: file z:/build/build/src/ipc/chromium/src/chrome/common/ipc_channel_win.cc, line 346
Unable to read VR Path Registry from C:\Users\hikari星\AppData\Local\openvr\openvrpaths.vrpath
[Child 18896, Chrome_ChildThread] WARNING: pipe error: 109: file z:/build/build/src/ipc/chromium/src/chrome/common/ipc_channel_win.cc, line 346
[Child 18896, Chrome_ChildThread] WARNING: pipe error: 109: file z:/build/build/src/ipc/chromium/src/chrome/common/ipc_channel_win.cc, line 346
*** UTM:SVC TimerManager:registerTimer called after profile-before-change notification. Ignoring timer registration for id: telemetry_modules_ping
1526805379367	geckodriver	INFO	geckodriver 0.20.1
1526805379382	geckodriver	INFO	Listening on 127.0.0.1:10125
1526805382425	mozrunner::runner	INFO	Running command: "D:\\Program Files\\firefox\\firefox.exe" "-marionette" "-headless" "-profile" "C:\\Users\\hikari星\\AppData\\Local\\Temp\\rust_mozprofile.Pn5jqigkkKRc"
*** You are running in headless mode.
1526805387873	Marionette	INFO	Listening on port 10133
1526805388231	Marionette	WARN	TLS certificate errors will be ignored for this session
Unable to read VR Path Registry from C:\Users\hikari星\AppData\Local\openvr\openvrpaths.vrpath
[Child 15932, Chrome_ChildThread] WARNING: pipe error: 109: file z:/build/build/src/ipc/chromium/src/chrome/common/ipc_channel_win.cc, line 346
[Child 15932, Chrome_ChildThread] WARNING: pipe error: 109: file z:/build/build/src/ipc/chromium/src/chrome/common/ipc_channel_win.cc, line 346
Unable to read VR Path Registry from C:\Users\hikari星\AppData\Local\openvr\openvrpaths.vrpath
[Child 6996, Chrome_ChildThread] WARNING: pipe error: 109: file z:/build/build/src/ipc/chromium/src/chrome/common/ipc_channel_win.cc, line 346
*** UTM:SVC TimerManager:registerTimer called after profile-before-change notification. Ignoring timer registration for id: telemetry_modules_ping
Unable to read VR Path Registry from C:\Users\hikari星\AppData\Local\openvr\openvrpaths.vrpath
1526805735896	geckodriver	INFO	geckodriver 0.20.1
1526805735923	geckodriver	INFO	Listening on 127.0.0.1:10296
1526805738947	mozrunner::runner	INFO	Running command: "D:\\Program Files\\firefox\\firefox.exe" "-marionette" "-headless" "-profile" "C:\\Users\\hikari星\\AppData\\Local\\Temp\\rust_mozprofile.0NXnpkvxpq6E"
*** You are running in headless mode.
1526805743966	Marionette	INFO	Listening on port 10304
1526805744356	Marionette	WARN	TLS certificate errors will be ignored for this session
Unable to read VR Path Registry from C:\Users\hikari星\AppData\Local\openvr\openvrpaths.vrpath
[Child 7500, Chrome_ChildThread] WARNING: pipe error: 109: file z:/build/build/src/ipc/chromium/src/chrome/common/ipc_channel_win.cc, line 346
Unable to read VR Path Registry from C:\Users\hikari星\AppData\Local\openvr\openvrpaths.vrpath
[Child 20048, Chrome_ChildThread] WARNING: pipe error: 109: file z:/build/build/src/ipc/chromium/src/chrome/common/ipc_channel_win.cc, line 346
Unable to read VR Path Registry from C:\Users\hikari星\AppData\Local\openvr\openvrpaths.vrpath
[Parent 19684, Gecko_IOThread] WARNING: pipe error: 109: file z:/build/build/src/ipc/chromium/src/chrome/common/ipc_channel_win.cc, line 346
Unable to read VR Path Registry from C:\Users\hikari星\AppData\Local\openvr\openvrpaths.vrpath
[Child 4896, Chrome_ChildThread] WARNING: pipe error: 109: file z:/build/build/src/ipc/chromium/src/chrome/common/ipc_channel_win.cc, line 346
[Child 4896, Chrome_ChildThread] WARNING: pipe error: 109: file z:/build/build/src/ipc/chromium/src/chrome/common/ipc_channel_win.cc, line 346
*** UTM:SVC TimerManager:registerTimer called after profile-before-change notification. Ignoring timer registration for id: telemetry_modules_ping
1526817195707	geckodriver	INFO	geckodriver 0.20.1
1526817195723	geckodriver	INFO	Listening on 127.0.0.1:10870
1526817198765	mozrunner::runner	INFO	Running command: "D:\\Program Files\\firefox\\firefox.exe" "-marionette" "-headless" "-profile" "C:\\Users\\hikari星\\AppData\\Local\\Temp\\rust_mozprofile.hDN8HoigSsIL"
*** You are running in headless mode.
1526817204782	Marionette	INFO	Listening on port 10879
1526817205249	Marionette	WARN	TLS certificate errors will be ignored for this session
Unable to read VR Path Registry from C:\Users\hikari星\AppData\Local\openvr\openvrpaths.vrpath
[Child 6820, Chrome_ChildThread] WARNING: pipe error: 109: file z:/build/build/src/ipc/chromium/src/chrome/common/ipc_channel_win.cc, line 346
[Child 6820, Chrome_ChildThread] WARNING: pipe error: 109: file z:/build/build/src/ipc/chromium/src/chrome/common/ipc_channel_win.cc, line 346
1526817229430	addons.productaddons	WARN	Failed downloading XML, status: 0, reason: error
1526817229445	addons.productaddons	WARN	Failed downloading via XHR, status: 0, reason: error
1526817229446	addons.productaddons	WARN	Failed downloading via XHR, status: 0, reason: error
Unable to read VR Path Registry from C:\Users\hikari星\AppData\Local\openvr\openvrpaths.vrpath
[Child 5208, Chrome_ChildThread] WARNING: pipe error: 109: file z:/build/build/src/ipc/chromium/src/chrome/common/ipc_channel_win.cc, line 346
[Child 5208, Chrome_ChildThread] WARNING: pipe error: 109: file z:/build/build/src/ipc/chromium/src/chrome/common/ipc_channel_win.cc, line 346
*** UTM:SVC TimerManager:registerTimer called after profile-before-change notification. Ignoring timer registration for id: telemetry_modules_ping
Unable to read VR Path Registry from C:\Users\hikari星\AppData\Local\openvr\openvrpaths.vrpath
1526820704289	geckodriver	INFO	geckodriver 0.20.1
1526820704304	geckodriver	INFO	Listening on 127.0.0.1:11122
1526820707346	mozrunner::runner	INFO	Running command: "D:\\Program Files\\firefox\\firefox.exe" "-marionette" "-headless" "-profile" "C:\\Users\\hikari星\\AppData\\Local\\Temp\\rust_mozprofile.R0gB2ULHCuNP"
*** You are running in headless mode.
1526820716612	Marionette	INFO	Listening on port 11130
1526820716975	Marionette	WARN	TLS certificate errors will be ignored for this session
Unable to read VR Path Registry from C:\Users\hikari星\AppData\Local\openvr\openvrpaths.vrpath
[Parent 17856, Gecko_IOThread] WARNING: pipe error: 109: file z:/build/build/src/ipc/chromium/src/chrome/common/ipc_channel_win.cc, line 346
Unable to read VR Path Registry from C:\Users\hikari星\AppData\Local\openvr\openvrpaths.vrpath
[Child 6744, Chrome_ChildThread] WARNING: pipe error: 109: file z:/build/build/src/ipc/chromium/src/chrome/common/ipc_channel_win.cc, line 346
[Child 6744, Chrome_ChildThread] WARNING: pipe error: 109: file z:/build/build/src/ipc/chromium/src/chrome/common/ipc_channel_win.cc, line 346
Unable to read VR Path Registry from C:\Users\hikari星\AppData\Local\openvr\openvrpaths.vrpath
[Child 1312, Chrome_ChildThread] WARNING: pipe error: 109: file z:/build/build/src/ipc/chromium/src/chrome/common/ipc_channel_win.cc, line 346
[Child 1312, Chrome_ChildThread] WARNING: pipe error: 109: file z:/build/build/src/ipc/chromium/src/chrome/common/ipc_channel_win.cc, line 346
Unable to read VR Path Registry from C:\Users\hikari星\AppData\Local\openvr\openvrpaths.vrpath
[Child 18324, Chrome_ChildThread] WARNING: pipe error: 109: file z:/build/build/src/ipc/chromium/src/chrome/common/ipc_channel_win.cc, line 346
[Child 18324, Chrome_ChildThread] WARNING: pipe error: 109: file z:/build/build/src/ipc/chromium/src/chrome/common/ipc_channel_win.cc, line 346
*** UTM:SVC TimerManager:registerTimer called after profile-before-change notification. Ignoring timer registration for id: telemetry_modules_ping
